Flutter crash report; please file at https://github.com/flutter/flutter/issues.

## command

flutter packages get

## exception

FileSystemException: FileSystemException: Failed to set file modification time, path = '/home/kszxpo/Development/Native/saudagarkaya/.packages' (OS Error: Operation not permitted, errno = 1)

```
#0      _File.setLastModifiedSync (dart:io/file_impl.dart:473:7)
#1      ForwardingFile.setLastModifiedSync (package:file/src/forwarding/forwarding_file.dart:62:55)
#2      _DefaultPub.get (package:flutter_tools/src/dart/pub.dart:211:19)
<asynchronous suspension>
#3      PackagesGetCommand._runPubGet (package:flutter_tools/src/commands/packages.dart:98:17)
#4      PackagesGetCommand.runCommand (package:flutter_tools/src/commands/packages.dart:128:11)
#5      FlutterCommand.verifyThenRunCommand (package:flutter_tools/src/runner/flutter_command.dart:615:18)
#6      _asyncThenWrapperHelper.<anonymous closure> (dart:async-patch/async_patch.dart:73:64)
#7      _rootRunUnary (dart:async/zone.dart:1134:38)
#8      _CustomZone.runUnary (dart:async/zone.dart:1031:19)
#9      _FutureListener.handleValue (dart:async/future_impl.dart:139:18)
#10     Future._propagateToListeners.handleValueCallback (dart:async/future_impl.dart:680:45)
#11     Future._propagateToListeners (dart:async/future_impl.dart:709:32)
#12     Future._completeWithValue (dart:async/future_impl.dart:524:5)
#13     Future._asyncComplete.<anonymous closure> (dart:async/future_impl.dart:554:7)
#14     _rootRun (dart:async/zone.dart:1126:13)
#15     _CustomZone.run (dart:async/zone.dart:1023:19)
#16     _CustomZone.runGuarded (dart:async/zone.dart:925:7)
#17     _CustomZone.bindCallbackGuarded.<anonymous closure> (dart:async/zone.dart:965:23)
#18     _microtaskLoop (dart:async/schedule_microtask.dart:43:21)
#19     _startMicrotaskLoop (dart:async/schedule_microtask.dart:52:5)
#20     _runPendingImmediateCallback (dart:isolate-patch/isolate_patch.dart:118:13)
#21     _RawReceivePortImpl._handleMessage (dart:isolate-patch/isolate_patch.dart:175:5)
```

## flutter doctor

```
[✓] Flutter (Channel stable, v1.12.13+hotfix.8, on Linux, locale en_US.UTF-8)
    • Flutter version 1.12.13+hotfix.8 at /home/kszxpo/Development/flutter
    • Framework revision 0b8abb4724 (4 weeks ago), 2020-02-11 11:44:36 -0800
    • Engine revision e1e6ced81d
    • Dart version 2.7.0

[✗] Android toolchain - develop for Android devices
    ✗ ANDROID_HOME = /root/Android/Sdk
      but Android SDK not found at this location.

[!] Android Studio (not installed)
    • Android Studio not found; download from https://developer.android.com/studio/index.html
      (or visit https://flutter.dev/setup/#android-setup for detailed instructions).

[✓] VS Code (version 1.35.1)
    • VS Code at /usr/share/code
    • Flutter extension version 3.2.0

[✓] Connected device (1 available)
    • Redmi Note 4X • S4LVSW79W479OBNN • android-arm64 • Android 6.0 (API 23)

! Doctor found issues in 2 categories.
```
